<?xml version="1.0" encoding="UTF-8"?>
<!-- Generated by org.testng.reporters.JUnitReportReporter -->
<testsuite skipped="0" hostname="HOME" name="com.testing.TestingConnection" tests="1" failures="0" timestamp="23 Sep 2017 11:04:24 GMT" time="39.262" errors="0">
  <testcase name="testing" time="39.262" classname="com.testing.TestingConnection"/>
</testsuite> <!-- com.testing.TestingConnection -->
