<?xml version="1.0" encoding="UTF-8"?>
<!-- Generated by org.testng.reporters.JUnitReportReporter -->
<testsuite skipped="0" hostname="HOME" name="com.testing.TestCase1" tests="1" failures="0" timestamp="24 Sep 2017 05:06:16 GMT" time="33.057" errors="0">
  <testcase name="testing" time="33.057" classname="com.testing.TestCase1"/>
</testsuite> <!-- com.testing.TestCase1 -->
