<?xml version="1.0" encoding="UTF-8"?>
<!-- Generated by org.testng.reporters.JUnitReportReporter -->
<testsuite skipped="0" hostname="HOME" name="com.testing.TestCase2" tests="1" failures="0" timestamp="24 Sep 2017 04:55:07 GMT" time="45.899" errors="0">
  <testcase name="testing" time="45.899" classname="com.testing.TestCase2"/>
</testsuite> <!-- com.testing.TestCase2 -->
